2012/11/21 12:15:02 [error] [exception.CException] exception 'CException' with message 'The asset "Z:\home\blog\www\yii\framework\gii\assets" to be published does not exist.' in Z:\home\blog\www\yii\framework\web\CAssetManager.php:255
Stack trace:
#0 Z:\home\blog\www\yii\framework\gii\GiiModule.php(143): CAssetManager->publish('Z:\home\blog\ww...')
#1 Z:\home\blog\www\yii\framework\base\CComponent.php(112): GiiModule->getAssetsUrl()
#2 Z:\home\blog\www\yii\framework\base\CModule.php(106): CComponent->__get('assetsUrl')
#3 Z:\home\blog\www\yii\framework\gii\views\layouts\main.php(5): CModule->__get('assetsUrl')
#4 Z:\home\blog\www\yii\framework\web\CBaseController.php(127): require('Z:\home\blog\ww...')
#5 Z:\home\blog\www\yii\framework\web\CBaseController.php(96): CBaseController->renderInternal('Z:\home\blog\ww...', Array, true)
#6 Z:\home\blog\www\yii\framework\web\widgets\CContentDecorator.php(77): CBaseController->renderFile('Z:\home\blog\ww...', Array, true)
#7 Z:\home\blog\www\yii\framework\web\widgets\CContentDecorator.php(55): CContentDecorator->decorate('<div class="con...')
#8 Z:\home\blog\www\yii\framework\web\widgets\COutputProcessor.php(45): CContentDecorator->processOutput('<div class="con...')
#9 Z:\home\blog\www\yii\framework\web\CBaseController.php(207): COutputProcessor->run()
#10 Z:\home\blog\www\yii\framework\web\CBaseController.php(301): CBaseController->endWidget('CContentDecorat...')
#11 Z:\home\blog\www\yii\framework\gii\views\layouts\column1.php(7): CBaseController->endContent()
#12 Z:\home\blog\www\yii\framework\web\CBaseController.php(127): require('Z:\home\blog\ww...')
#13 Z:\home\blog\www\yii\framework\web\CBaseController.php(96): CBaseController->renderInternal('Z:\home\blog\ww...', Array, true)
#14 Z:\home\blog\www\yii\framework\web\CController.php(785): CBaseController->renderFile('Z:\home\blog\ww...', Array, true)
#15 Z:\home\blog\www\yii\framework\gii\controllers\DefaultController.php(47): CController->render('login', Array)
#16 Z:\home\blog\www\yii\framework\web\actions\CInlineAction.php(50): DefaultController->actionLogin()
#17 Z:\home\blog\www\yii\framework\web\CController.php(309): CInlineAction->runWithParams(Array)
#18 Z:\home\blog\www\yii\framework\web\CController.php(287): CController->runAction(Object(CInlineAction))
#19 Z:\home\blog\www\yii\framework\web\CController.php(266): CController->runActionWithFilters(Object(CInlineAction), Array)
#20 Z:\home\blog\www\yii\framework\web\CWebApplication.php(283): CController->run('login')
#21 Z:\home\blog\www\yii\framework\web\CWebApplication.php(142): CWebApplication->runController('gii/default/log...')
#22 Z:\home\blog\www\yii\framework\base\CApplication.php(162): CWebApplication->processRequest()
#23 Z:\home\blog\www\index.php(13): CApplication->run()
#24 {main}
REQUEST_URI=/index.php?r=gii/default/login
---
2012/11/21 12:15:35 [error] [exception.CException] exception 'CException' with message 'CAssetManager.basePath "Z:\home\blog\www\assets" is invalid. Please make sure the directory exists and is writable by the Web server process.' in Z:\home\blog\www\yii\framework\web\CAssetManager.php:128
Stack trace:
#0 Z:\home\blog\www\yii\framework\web\CAssetManager.php(113): CAssetManager->setBasePath('Z:\home\blog\ww...')
#1 Z:\home\blog\www\yii\framework\web\CAssetManager.php(235): CAssetManager->getBasePath()
#2 Z:\home\blog\www\yii\framework\gii\GiiModule.php(143): CAssetManager->publish('Z:\home\blog\ww...')
#3 Z:\home\blog\www\yii\framework\base\CComponent.php(112): GiiModule->getAssetsUrl()
#4 Z:\home\blog\www\yii\framework\base\CModule.php(106): CComponent->__get('assetsUrl')
#5 Z:\home\blog\www\yii\framework\gii\views\layouts\main.php(5): CModule->__get('assetsUrl')
#6 Z:\home\blog\www\yii\framework\web\CBaseController.php(127): require('Z:\home\blog\ww...')
#7 Z:\home\blog\www\yii\framework\web\CBaseController.php(96): CBaseController->renderInternal('Z:\home\blog\ww...', Array, true)
#8 Z:\home\blog\www\yii\framework\web\widgets\CContentDecorator.php(77): CBaseController->renderFile('Z:\home\blog\ww...', Array, true)
#9 Z:\home\blog\www\yii\framework\web\widgets\CContentDecorator.php(55): CContentDecorator->decorate('<div class="con...')
#10 Z:\home\blog\www\yii\framework\web\widgets\COutputProcessor.php(45): CContentDecorator->processOutput('<div class="con...')
#11 Z:\home\blog\www\yii\framework\web\CBaseController.php(207): COutputProcessor->run()
#12 Z:\home\blog\www\yii\framework\web\CBaseController.php(301): CBaseController->endWidget('CContentDecorat...')
#13 Z:\home\blog\www\yii\framework\gii\views\layouts\column1.php(7): CBaseController->endContent()
#14 Z:\home\blog\www\yii\framework\web\CBaseController.php(127): require('Z:\home\blog\ww...')
#15 Z:\home\blog\www\yii\framework\web\CBaseController.php(96): CBaseController->renderInternal('Z:\home\blog\ww...', Array, true)
#16 Z:\home\blog\www\yii\framework\web\CController.php(785): CBaseController->renderFile('Z:\home\blog\ww...', Array, true)
#17 Z:\home\blog\www\yii\framework\gii\controllers\DefaultController.php(47): CController->render('login', Array)
#18 Z:\home\blog\www\yii\framework\web\actions\CInlineAction.php(50): DefaultController->actionLogin()
#19 Z:\home\blog\www\yii\framework\web\CController.php(309): CInlineAction->runWithParams(Array)
#20 Z:\home\blog\www\yii\framework\web\CController.php(287): CController->runAction(Object(CInlineAction))
#21 Z:\home\blog\www\yii\framework\web\CController.php(266): CController->runActionWithFilters(Object(CInlineAction), Array)
#22 Z:\home\blog\www\yii\framework\web\CWebApplication.php(283): CController->run('login')
#23 Z:\home\blog\www\yii\framework\web\CWebApplication.php(142): CWebApplication->runController('gii/default/log...')
#24 Z:\home\blog\www\yii\framework\base\CApplication.php(162): CWebApplication->processRequest()
#25 Z:\home\blog\www\index.php(13): CApplication->run()
#26 {main}
REQUEST_URI=/index.php?r=gii/default/login
---
